

ðŸ‘‹ Welcome to create-cloudflare v2.51.5!
ðŸ§¡ Let's get started.


â•­ Create an application with Cloudflare Step 1 of 3
â”‚
â”œ In which directory do you want to create your application?
â”‚ dir ./hello-worker
â”‚
â”œ What would you like to start with?
â”‚ category Hello World example
â”‚
â”œ Which template would you like to use?
â”‚ type Worker only
â”‚
â”œ Which language do you want to use?
â”‚ lang TypeScript
â”‚
â”œ Copying template files
â”‚ files copied to project directory
â”‚
â”œ Updating name in `package.json`
â”‚ updated `package.json`
â”‚
â•° Application created 

â•­ Configuring your application for Cloudflare Step 2 of 3
â”‚
â”œ Retrieving current workerd compatibility date
â”‚ compatibility date 2025-09-11
â”‚
â”œ Initializing git repo
â”‚ initialized git
â”‚
â”œ Committing new files
â”‚ git commit
â”‚
â•° Application configured 

â•­ Deploy with Cloudflare Step 3 of 3
â”‚
â”œ Do you want to deploy your application?
â”‚ no deploy via `pnpm run deploy`
â”‚
â•° Done 


ðŸŽ‰  SUCCESS  Application created successfully!

ðŸ’» Continue Developing
Change directories: cd hello-worker
Start dev server: pnpm run start
Deploy: pnpm run deploy

ðŸ“– Explore Documentation
]8;;https://developers.cloudflare.com/workers\https://developers.cloudflare.com/workers]8;;\

ðŸ› Report an Issue
]8;;https://github.com/cloudflare/workers-sdk/issues/new/choose\https://github.com/cloudflare/workers-sdk/issues/new/choose]8;;\

ðŸ’¬ Join our Community
]8;;https://discord.cloudflare.com\https://discord.cloudflare.com]8;;\



renamed 'hello-worker/.editorconfig' -> './.editorconfig'
renamed 'hello-worker/.gitignore' -> './.gitignore'
renamed 'hello-worker/.prettierrc' -> './.prettierrc'
renamed 'hello-worker/.vscode' -> './.vscode'
renamed 'hello-worker/.git' -> './.git'
renamed 'hello-worker/node_modules' -> './node_modules'
renamed 'hello-worker/package.json' -> './package.json'
renamed 'hello-worker/pnpm-lock.yaml' -> './pnpm-lock.yaml'
renamed 'hello-worker/src' -> './src'
renamed 'hello-worker/test' -> './test'
renamed 'hello-worker/tsconfig.json' -> './tsconfig.json'
renamed 'hello-worker/vitest.config.mts' -> './vitest.config.mts'
renamed 'hello-worker/worker-configuration.d.ts' -> './worker-configuration.d.ts'
renamed 'hello-worker/wrangler.jsonc' -> './wrangler.jsonc'
rmdir: removing directory, 'hello-worker'
